<?xml version="1.0" encoding="UTF-8"?>
<testng-results skipped="0" failed="0" ignored="0" total="1" passed="1">
  <reporter-output>
  </reporter-output>
  <suite name="Default suite" duration-ms="7559" started-at="2017-02-13T01:40:42Z" finished-at="2017-02-13T01:40:50Z">
    <groups>
    </groups>
    <test name="Default test" duration-ms="7559" started-at="2017-02-13T01:40:42Z" finished-at="2017-02-13T01:40:50Z">
      <class name="TestNGClass">
        <test-method status="PASS" signature="appTest()[pri:0, instance:TestNGClass@6cc4c815]" name="appTest" duration-ms="7525" started-at="2017-02-13T07:10:42Z" finished-at="2017-02-13T07:10:50Z">
          <reporter-output>
          </reporter-output>
        </test-method> <!-- appTest -->
      </class> <!-- TestNGClass -->
    </test> <!-- Default test -->
  </suite> <!-- Default suite -->
</testng-results>
